2023-03-23 10:28:03,427 [Worker-4: Loading available Gradle versions] INFO  o.e.b.c.i.u.g.PublishedGradleVersions - Gradle version information cache is out-of-date. Trying to update.
2023-03-23 10:28:04,168 [Worker-4: Loading available Gradle versions] INFO  o.e.b.c.i.u.g.PublishedGradleVersions - Updating Gradle version information cache failed. Using outdated cache.
2023-03-23 10:28:32,137 [Worker-0: Loading available Gradle versions] INFO  o.e.b.c.i.u.g.PublishedGradleVersions - Gradle version information cache is out-of-date. Trying to update.
2023-03-23 10:28:32,864 [Worker-0: Loading available Gradle versions] INFO  o.e.b.c.i.u.g.PublishedGradleVersions - Updating Gradle version information cache failed. Using outdated cache.
2023-03-23 10:40:42,514 [main] INFO  org.eclipse.jetty.server.Server - jetty-10.0.6; built: 2021-06-29T15:28:56.259Z; git: 37e7731b4b142a882d73974ff3bec78d621bd674; jvm 17.0.2+8
2023-03-23 10:40:42,562 [main] INFO  o.e.j.s.s.DefaultSessionIdManager - Session workerName=node0
2023-03-23 10:40:42,612 [main] INFO  o.e.j.server.handler.ContextHandler - Started o.e.j.s.ServletContextHandler@6ef0e08f{/wse,null,AVAILABLE}
2023-03-23 10:40:42,646 [main] INFO  o.e.jetty.server.AbstractConnector - Started ServerConnector@2686ca{HTTP/1.1, (http/1.1)}{0.0.0.0:54528}
2023-03-23 10:40:42,671 [main] INFO  org.eclipse.jetty.server.Server - Started Server@17c45a57{STARTING}[10.0.6,sto=0] @741899ms
2023-03-23 10:40:47,637 [Framework stop - Equinox Container: cb1cfc99-7b19-4bd3-be50-ae126df80816] INFO  org.eclipse.jetty.server.Server - Stopped Server@17c45a57{STOPPING}[10.0.6,sto=0]
2023-03-23 10:40:47,654 [Framework stop - Equinox Container: cb1cfc99-7b19-4bd3-be50-ae126df80816] INFO  o.e.jetty.server.AbstractConnector - Stopped ServerConnector@2686ca{HTTP/1.1, (http/1.1)}{0.0.0.0:0}
2023-03-23 10:40:48,244 [qtp1372496798-80] WARN  o.e.j.server.session.SessionHandler - Unable to release Session Session@79babff1{id=node01da2chyzmarop1dvyjm4ggfvl71,x=node01da2chyzmarop1dvyjm4ggfvl71.node0,req=0,res=false}
java.lang.IllegalStateException: Not started
	at org.eclipse.jetty.server.session.AbstractSessionDataStore.store(AbstractSessionDataStore.java:196)
	at org.eclipse.jetty.server.session.AbstractSessionCache.release(AbstractSessionCache.java:538)
	at org.eclipse.jetty.server.session.SessionHandler.complete(SessionHandler.java:358)
	at org.eclipse.jetty.server.Request.leaveSession(Request.java:417)
	at org.eclipse.jetty.server.Request.onCompleted(Request.java:1428)
	at org.eclipse.jetty.server.HttpChannel.onCompleted(HttpChannel.java:870)
	at org.eclipse.jetty.server.HttpChannel.handle(HttpChannel.java:386)
	at org.eclipse.jetty.server.HttpConnection.onFillable(HttpConnection.java:282)
	at org.eclipse.jetty.io.AbstractConnection$ReadCallback.succeeded(AbstractConnection.java:319)
	at org.eclipse.jetty.io.FillInterest.fillable(FillInterest.java:100)
	at org.eclipse.jetty.io.SocketChannelEndPoint$1.run(SocketChannelEndPoint.java:101)
	at org.eclipse.jetty.util.thread.strategy.AdaptiveExecutionStrategy.runTask(AdaptiveExecutionStrategy.java:412)
	at org.eclipse.jetty.util.thread.strategy.AdaptiveExecutionStrategy.consumeTask(AdaptiveExecutionStrategy.java:381)
	at org.eclipse.jetty.util.thread.strategy.AdaptiveExecutionStrategy.tryProduce(AdaptiveExecutionStrategy.java:268)
	at org.eclipse.jetty.util.thread.strategy.AdaptiveExecutionStrategy.produce(AdaptiveExecutionStrategy.java:190)
	at org.eclipse.jetty.util.thread.QueuedThreadPool.runJob(QueuedThreadPool.java:894)
	at org.eclipse.jetty.util.thread.QueuedThreadPool$Runner.run(QueuedThreadPool.java:1038)
	at java.base/java.lang.Thread.run(Thread.java:833)
2023-03-23 10:40:48,249 [Framework stop - Equinox Container: cb1cfc99-7b19-4bd3-be50-ae126df80816] INFO  o.e.j.server.handler.ContextHandler - Stopped o.e.j.s.ServletContextHandler@6ef0e08f{/wse,null,STOPPED}
2023-03-23 10:41:03,437 [Worker-1: Loading available Gradle versions] INFO  o.e.b.c.i.u.g.PublishedGradleVersions - Gradle version information cache is out-of-date. Trying to update.
2023-03-23 10:41:38,849 [Worker-0: Loading available Gradle versions] INFO  o.e.b.c.i.u.g.PublishedGradleVersions - Gradle version information cache is up-to-date. Trying to read.
